0 silly argv {
0 silly argv   _: [ 'create' ],
0 silly argv   lernaVersion: '6.6.2',
0 silly argv   '$0': '../../Library/pnpm/global/5/node_modules/lerna/dist/cli.js',
0 silly argv   name: 'test-pack'
0 silly argv }
1 notice cli v6.6.2
2 verbose rootPath /Users/bell/self/innbell
3 info versioning independent
4 verbose packageConfigs Package manager 'pnpm' detected. Resolving packages using 'pnpm-workspace.yaml'.
5 verbose packageConfigs Package manager 'pnpm' detected. Resolving packages using 'pnpm-workspace.yaml'.
6 warn ENOREMOTE No git remote found, skipping repository property
7 error Error: canceled
7 error     at Interface.<anonymous> (/Users/bell/Library/pnpm/global/5/.pnpm/read@1.0.7/node_modules/read/lib/read.js:66:13)
7 error     at Interface.emit (node:events:513:28)
7 error     at [_ttyWrite] [as _ttyWrite] (node:internal/readline/interface:1124:18)
7 error     at ReadStream.onkeypress (node:internal/readline/interface:273:20)
7 error     at ReadStream.emit (node:events:513:28)
7 error     at emitKeys (node:internal/readline/utils:357:14)
7 error     at emitKeys.next (<anonymous>)
7 error     at ReadStream.onData (node:internal/readline/emitKeypressEvents:64:36)
7 error     at ReadStream.emit (node:events:513:28)
